<?xml version="1.0" encoding="UTF-8"?>
<!-- Generated by org.testng.reporters.JUnitReportReporter -->
<testsuite hostname="DESKTOP-B0D0J2Q" failures="0" tests="2" name="com.practicetestautomation.tests.login.NegativeLoginTests" time="15.102" errors="0" timestamp="2025-03-19T23:45:27 ICT" skipped="0">
  <testcase classname="com.practicetestautomation.tests.login.NegativeLoginTests" name="incorrectPasswordTest" time="6.414"/>
  <testcase classname="com.practicetestautomation.tests.login.NegativeLoginTests" name="incorrectUssernameTest" time="8.688"/>
</testsuite> <!-- com.practicetestautomation.tests.login.NegativeLoginTests -->
